inventory_app/app/build/intermediates/manifest_merge_blame_file/debug/processDebugMainManifest/manifest-merger-blame-debug-report.txt
1<?xml version="1.0" encoding="utf-8"?>
2<manifest xmlns:android="http://schemas.android.com/apk/res/android"
3    package="com.promix.inventory"
4    android:versionCode="1"
5    android:versionName="1.0" >
6
7    <uses-sdk
8        android:minSdkVersion="24"
9        android:targetSdkVersion="35" />
10    <!-- Although the *SdkVersion is captured in gradle build files, this is required for non gradle builds -->
11    <!-- <uses-sdk android:minSdkVersion="21" /> -->
12    <uses-permission android:name="android.permission.ACCESS_NETWORK_STATE" />
12-->[com.google.firebase:firebase-firestore:25.1.1] AndroidManifest.xml:10:5-79
12-->[com.google.firebase:firebase-firestore:25.1.1] AndroidManifest.xml:10:22-76
13    <uses-permission android:name="android.permission.INTERNET" />
13-->[com.google.firebase:firebase-firestore:25.1.1] AndroidManifest.xml:11:5-67
13-->[com.google.firebase:firebase-firestore:25.1.1] AndroidManifest.xml:11:22-64
14
15    <application
15-->src/main/AndroidManifest.xml:3:5-17:19
16        android:allowBackup="true"
16-->src/main/AndroidManifest.xml:4:9-35
17        android:appComponentFactory="androidx.core.app.CoreComponentFactory"
17-->[androidx.core:core:1.2.0] AndroidManifest.xml:24:18-86
18        android:debuggable="true"
19        android:extractNativeLibs="false"
20        android:label="نظام الجرد"
20-->src/main/AndroidManifest.xml:5:9-35
21        android:supportsRtl="true"
21-->src/main/AndroidManifest.xml:6:9-35
22        android:theme="@style/AppTheme" >
22-->src/main/AndroidManifest.xml:7:9-40
23        <activity
23-->src/main/AndroidManifest.xml:8:9-16:20
24            android:name="com.promix.inventory.MainActivity"
24-->src/main/AndroidManifest.xml:9:13-41
25            android:exported="true"
25-->src/main/AndroidManifest.xml:11:13-36
26            android:screenOrientation="portrait" >
26-->src/main/AndroidManifest.xml:10:13-49
27            <intent-filter>
27-->src/main/AndroidManifest.xml:12:13-15:29
28                <action android:name="android.intent.action.MAIN" />
28-->src/main/AndroidManifest.xml:13:17-69
28-->src/main/AndroidManifest.xml:13:25-66
29
30                <category android:name="android.intent.category.LAUNCHER" />
30-->src/main/AndroidManifest.xml:14:17-77
30-->src/main/AndroidManifest.xml:14:27-74
31            </intent-filter>
32        </activity>
33
34        <service
34-->[com.google.firebase:firebase-firestore:25.1.1] AndroidManifest.xml:14:9-23:19
35            android:name="com.google.firebase.components.ComponentDiscoveryService"
35-->[com.google.firebase:firebase-firestore:25.1.1] AndroidManifest.xml:15:13-84
36            android:directBootAware="true"
36-->[com.google.firebase:firebase-common:21.0.0] AndroidManifest.xml:32:13-43
37            android:exported="false" >
37-->[com.google.firebase:firebase-firestore:25.1.1] AndroidManifest.xml:16:13-37
38            <meta-data
38-->[com.google.firebase:firebase-firestore:25.1.1] AndroidManifest.xml:17:13-19:85
39                android:name="com.google.firebase.components:com.google.firebase.firestore.FirebaseFirestoreKtxRegistrar"
39-->[com.google.firebase:firebase-firestore:25.1.1] AndroidManifest.xml:18:17-122
40                android:value="com.google.firebase.components.ComponentRegistrar" />
40-->[com.google.firebase:firebase-firestore:25.1.1] AndroidManifest.xml:19:17-82
41            <meta-data
41-->[com.google.firebase:firebase-firestore:25.1.1] AndroidManifest.xml:20:13-22:85
42                android:name="com.google.firebase.components:com.google.firebase.firestore.FirestoreRegistrar"
42-->[com.google.firebase:firebase-firestore:25.1.1] AndroidManifest.xml:21:17-111
43                android:value="com.google.firebase.components.ComponentRegistrar" />
43-->[com.google.firebase:firebase-firestore:25.1.1] AndroidManifest.xml:22:17-82
44            <meta-data
44-->[com.google.firebase:firebase-common-ktx:21.0.0] AndroidManifest.xml:12:13-14:85
45                android:name="com.google.firebase.components:com.google.firebase.ktx.FirebaseCommonLegacyRegistrar"
45-->[com.google.firebase:firebase-common-ktx:21.0.0] AndroidManifest.xml:13:17-116
46                android:value="com.google.firebase.components.ComponentRegistrar" />
46-->[com.google.firebase:firebase-common-ktx:21.0.0] AndroidManifest.xml:14:17-82
47            <meta-data
47-->[com.google.firebase:firebase-common:21.0.0] AndroidManifest.xml:35:13-37:85
48                android:name="com.google.firebase.components:com.google.firebase.FirebaseCommonKtxRegistrar"
48-->[com.google.firebase:firebase-common:21.0.0] AndroidManifest.xml:36:17-109
49                android:value="com.google.firebase.components.ComponentRegistrar" />
49-->[com.google.firebase:firebase-common:21.0.0] AndroidManifest.xml:37:17-82
50        </service>
51
52        <provider
52-->[com.google.firebase:firebase-common:21.0.0] AndroidManifest.xml:23:9-28:39
53            android:name="com.google.firebase.provider.FirebaseInitProvider"
53-->[com.google.firebase:firebase-common:21.0.0] AndroidManifest.xml:24:13-77
54            android:authorities="com.promix.inventory.firebaseinitprovider"
54-->[com.google.firebase:firebase-common:21.0.0] AndroidManifest.xml:25:13-72
55            android:directBootAware="true"
55-->[com.google.firebase:firebase-common:21.0.0] AndroidManifest.xml:26:13-43
56            android:exported="false"
56-->[com.google.firebase:firebase-common:21.0.0] AndroidManifest.xml:27:13-37
57            android:initOrder="100" />
57-->[com.google.firebase:firebase-common:21.0.0] AndroidManifest.xml:28:13-36
58
59        <activity
59-->[com.google.android.gms:play-services-base:18.0.1] AndroidManifest.xml:20:9-22:45
60            android:name="com.google.android.gms.common.api.GoogleApiActivity"
60-->[com.google.android.gms:play-services-base:18.0.1] AndroidManifest.xml:20:19-85
61            android:exported="false"
61-->[com.google.android.gms:play-services-base:18.0.1] AndroidManifest.xml:22:19-43
62            android:theme="@android:style/Theme.Translucent.NoTitleBar" />
62-->[com.google.android.gms:play-services-base:18.0.1] AndroidManifest.xml:21:19-78
63
64        <meta-data
64-->[com.google.android.gms:play-services-basement:18.3.0] AndroidManifest.xml:21:9-23:69
65            android:name="com.google.android.gms.version"
65-->[com.google.android.gms:play-services-basement:18.3.0] AndroidManifest.xml:22:13-58
66            android:value="@integer/google_play_services_version" />
66-->[com.google.android.gms:play-services-basement:18.3.0] AndroidManifest.xml:23:13-66
67    </application>
68
69</manifest>